#
# There is insufficient memory for the Java Runtime Environment to continue.
# Native memory allocation (malloc) failed to allocate 32744 bytes for ChunkPool::allocate
# Possible reasons:
#   The system is out of physical RAM or swap space
#   In 32 bit mode, the process size limit was hit
# Possible solutions:
#   Reduce memory load on the system
#   Increase physical memory or swap space
#   Check if swap backing store is full
#   Use 64 bit Java on a 64 bit OS
#   Decrease Java heap size (-Xmx/-Xms)
#   Decrease number of Java threads
#   Decrease Java thread stack sizes (-Xss)
#   Set larger code cache with -XX:ReservedCodeCacheSize=
# This output file may be truncated or incomplete.
#
#  Out of Memory Error (allocation.cpp:273), pid=8404, tid=10076
#
# JRE version: Java(TM) SE Runtime Environment (8.0_60-b27) (build 1.8.0_60-b27)
# Java VM: Java HotSpot(TM) 64-Bit Server VM (25.60-b23 mixed mode windows-amd64 compressed oops)
# Failed to write core dump. Minidumps are not enabled by default on client versions of Windows
#

---------------  T H R E A D  ---------------

Current thread (0x00000000168a7800):  JavaThread "C2 CompilerThread1" daemon [_thread_in_native, id=10076, stack(0x0000000018000000,0x0000000018100000)]

Stack: [0x0000000018000000,0x0000000018100000]
[error occurred during error reporting (printing stack bounds), id 0xc0000005]

Native frames: (J=compiled Java code, j=interpreted, Vv=VM code, C=native code)


Current CompileTask:
C2:   3716 1422       4       java.net.URLClassLoader$1::run (5 bytes)


---------------  P R O C E S S  ---------------

Java Threads: ( => current thread )
  0x0000000019b28800 JavaThread "File lock request listener" [_thread_in_native, id=6444, stack(0x000000001d290000,0x000000001d390000)]
  0x0000000019c60800 JavaThread "Stdin handler" [_thread_blocked, id=9672, stack(0x000000001bfc0000,0x000000001c0c0000)]
  0x0000000019c5d800 JavaThread "Asynchronous log dispatcher for DefaultDaemonConnection: socket connection from /127.0.0.1:17504 to /127.0.0.1:17505" [_thread_blocked, id=784, stack(0x000000001bec0000,0x000000001bfc0000)]
  0x0000000019c58800 JavaThread "Daemon worker" [_thread_in_Java, id=1920, stack(0x000000001bdc0000,0x000000001bec0000)]
  0x0000000019c65800 JavaThread "Cancel handler" [_thread_blocked, id=3148, stack(0x000000001bcc0000,0x000000001bdc0000)]
  0x0000000019a67000 JavaThread "Handler for socket connection from /127.0.0.1:17504 to /127.0.0.1:17505" [_thread_in_native, id=352, stack(0x000000001bbc0000,0x000000001bcc0000)]
  0x0000000019a65800 JavaThread "Daemon" [_thread_blocked, id=9476, stack(0x000000001bac0000,0x000000001bbc0000)]
  0x0000000019bd5000 JavaThread "Incoming local TCP Connector on port 17504" [_thread_in_native, id=3164, stack(0x000000001b6e0000,0x000000001b7e0000)]
  0x0000000019ae1800 JavaThread "pool-1-thread-1" [_thread_blocked, id=4040, stack(0x000000001b3e0000,0x000000001b4e0000)]
  0x000000001822c800 JavaThread "Service Thread" daemon [_thread_blocked, id=9520, stack(0x0000000018600000,0x0000000018700000)]
  0x00000000168f3800 JavaThread "C1 CompilerThread2" daemon [_thread_blocked, id=9868, stack(0x0000000018100000,0x0000000018200000)]
=>0x00000000168a7800 JavaThread "C2 CompilerThread1" daemon [_thread_in_native, id=10076, stack(0x0000000018000000,0x0000000018100000)]
  0x00000000168a4000 JavaThread "C2 CompilerThread0" daemon [_thread_in_native, id=5912, stack(0x0000000017f00000,0x0000000018000000)]
  0x00000000168a2800 JavaThread "Attach Listener" daemon [_thread_blocked, id=4724, stack(0x0000000017e00000,0x0000000017f00000)]
  0x00000000168f1800 JavaThread "Signal Dispatcher" daemon [_thread_blocked, id=6456, stack(0x0000000017d00000,0x0000000017e00000)]
  0x0000000002f26000 JavaThread "Finalizer" daemon [_thread_blocked, id=856, stack(0x0000000017b20000,0x0000000017c20000)]
  0x0000000002f1d000 JavaThread "Reference Handler" daemon [_thread_blocked, id=4556, stack(0x0000000017a20000,0x0000000017b20000)]
  0x0000000002e30800 JavaThread "main" [_thread_blocked, id=1128, stack(0x0000000002ba0000,0x0000000002ca0000)]

Other Threads:
  0x0000000016868000 VMThread [stack: 0x0000000017920000,0x0000000017a20000] [id=9532]
  0x00000000182be000 WatcherThread [stack: 0x0000000018700000,0x0000000018800000] [id=4436]

VM state:not at safepoint (normal execution)

VM Mutex/Monitor currently owned by a thread: None

Heap:
 PSYoungGen      total 28672K, used 27274K [0x00000000e0000000, 0x00000000e2000000, 0x0000000100000000)
  eden space 24576K, 94% used [0x00000000e0000000,0x00000000e16a6a18,0x00000000e1800000)
  from space 4096K, 99% used [0x00000000e1800000,0x00000000e1bfc030,0x00000000e1c00000)
  to   space 4096K, 0% used [0x00000000e1c00000,0x00000000e1c00000,0x00000000e2000000)
 ParOldGen       total 65536K, used 1449K [0x00000000a0000000, 0x00000000a4000000, 0x00000000e0000000)
  object space 65536K, 2% used [0x00000000a0000000,0x00000000a016a6a8,0x00000000a4000000)
 Metaspace       used 16156K, capacity 16474K, committed 16768K, reserved 1062912K
  class space    used 2288K, capacity 2384K, committed 2432K, reserved 1048576K

Card table byte_map: [0x00000000122f0000,0x0000000012600000] byte_map_base: 0x0000000011df0000

Marking Bits: (ParMarkBitMap*) 0x000000007325a5b0
 Begin Bits: [0x0000000012c00000, 0x0000000014400000)
 End Bits:   [0x0000000014400000, 0x0000000015c00000)

Polling page: 0x00000000013b0000

CodeCache: size=245760Kb used=5169Kb max_used=5169Kb free=240590Kb
 bounds [0x0000000002f30000, 0x0000000003440000, 0x0000000011f30000]
 total_blobs=1884 nmethods=1493 adapters=303
 compilation: enabled

Compilation events (10 events):
Event: 3.618 Thread 0x00000000168f3800 1493       3       java.net.URI::appendAuthority (278 bytes)
Event: 3.621 Thread 0x00000000168f3800 nmethod 1493 0x0000000003436dd0 code [0x0000000003437220, 0x000000000343aee8]
Event: 3.622 Thread 0x00000000168f3800 1494       3       java.net.URI::checkPath (37 bytes)
Event: 3.623 Thread 0x00000000168f3800 nmethod 1494 0x000000000343ccd0 code [0x000000000343ce80, 0x000000000343d438]
Event: 3.623 Thread 0x00000000168f3800 1495       3       java.util.concurrent.locks.AbstractQueuedSynchronizer::setState (6 bytes)
Event: 3.623 Thread 0x00000000168f3800 nmethod 1495 0x000000000343d690 code [0x000000000343d7e0, 0x000000000343d930]
Event: 3.624 Thread 0x00000000168f3800 1496       3       java.lang.reflect.Constructor::newInstance (87 bytes)
Event: 3.625 Thread 0x00000000168f3800 nmethod 1496 0x000000000343d990 code [0x000000000343db80, 0x000000000343e2a8]
Event: 3.653 Thread 0x00000000168f3800 1498       3       java.util.concurrent.locks.AbstractQueuedSynchronizer::release (33 bytes)
Event: 3.653 Thread 0x00000000168f3800 nmethod 1498 0x000000000343e510 code [0x000000000343e680, 0x000000000343e998]

GC Heap History (6 events):
Event: 0.760 GC heap before
{Heap before GC invocations=1 (full 0):
 PSYoungGen      total 28672K, used 24576K [0x00000000e0000000, 0x00000000e2000000, 0x0000000100000000)
  eden space 24576K, 100% used [0x00000000e0000000,0x00000000e1800000,0x00000000e1800000)
  from space 4096K, 0% used [0x00000000e1c00000,0x00000000e1c00000,0x00000000e2000000)
  to   space 4096K, 0% used [0x00000000e1800000,0x00000000e1800000,0x00000000e1c00000)
 ParOldGen       total 65536K, used 0K [0x00000000a0000000, 0x00000000a4000000, 0x00000000e0000000)
  object space 65536K, 0% used [0x00000000a0000000,0x00000000a0000000,0x00000000a4000000)
 Metaspace       used 6783K, capacity 6888K, committed 7040K, reserved 1056768K
  class space    used 858K, capacity 888K, committed 896K, reserved 1048576K
Event: 0.767 GC heap after
Heap after GC invocations=1 (full 0):
 PSYoungGen      total 28672K, used 4056K [0x00000000e0000000, 0x00000000e2000000, 0x0000000100000000)
  eden space 24576K, 0% used [0x00000000e0000000,0x00000000e0000000,0x00000000e1800000)
  from space 4096K, 99% used [0x00000000e1800000,0x00000000e1bf6010,0x00000000e1c00000)
  to   space 4096K, 0% used [0x00000000e1c00000,0x00000000e1c00000,0x00000000e2000000)
 ParOldGen       total 65536K, used 8K [0x00000000a0000000, 0x00000000a4000000, 0x00000000e0000000)
  object space 65536K, 0% used [0x00000000a0000000,0x00000000a0002000,0x00000000a4000000)
 Metaspace       used 6783K, capacity 6888K, committed 7040K, reserved 1056768K
  class space    used 858K, capacity 888K, committed 896K, reserved 1048576K
}
Event: 1.649 GC heap before
{Heap before GC invocations=2 (full 0):
 PSYoungGen      total 28672K, used 28632K [0x00000000e0000000, 0x00000000e2000000, 0x0000000100000000)
  eden space 24576K, 100% used [0x00000000e0000000,0x00000000e1800000,0x00000000e1800000)
  from space 4096K, 99% used [0x00000000e1800000,0x00000000e1bf6010,0x00000000e1c00000)
  to   space 4096K, 0% used [0x00000000e1c00000,0x00000000e1c00000,0x00000000e2000000)
 ParOldGen       total 65536K, used 8K [0x00000000a0000000, 0x00000000a4000000, 0x00000000e0000000)
  object space 65536K, 0% used [0x00000000a0000000,0x00000000a0002000,0x00000000a4000000)
 Metaspace       used 8875K, capacity 9062K, committed 9216K, reserved 1056768K
  class space    used 1156K, capacity 1249K, committed 1280K, reserved 1048576K
Event: 1.655 GC heap after
Heap after GC invocations=2 (full 0):
 PSYoungGen      total 28672K, used 3721K [0x00000000e0000000, 0x00000000e2000000, 0x0000000100000000)
  eden space 24576K, 0% used [0x00000000e0000000,0x00000000e0000000,0x00000000e1800000)
  from space 4096K, 90% used [0x00000000e1c00000,0x00000000e1fa2590,0x00000000e2000000)
  to   space 4096K, 0% used [0x00000000e1800000,0x00000000e1800000,0x00000000e1c00000)
 ParOldGen       total 65536K, used 16K [0x00000000a0000000, 0x00000000a4000000, 0x00000000e0000000)
  object space 65536K, 0% used [0x00000000a0000000,0x00000000a0004000,0x00000000a4000000)
 Metaspace       used 8875K, capacity 9062K, committed 9216K, reserved 1056768K
  class space    used 1156K, capacity 1249K, committed 1280K, reserved 1048576K
}
Event: 3.092 GC heap before
{Heap before GC invocations=3 (full 0):
 PSYoungGen      total 28672K, used 28297K [0x00000000e0000000, 0x00000000e2000000, 0x0000000100000000)
  eden space 24576K, 100% used [0x00000000e0000000,0x00000000e1800000,0x00000000e1800000)
  from space 4096K, 90% used [0x00000000e1c00000,0x00000000e1fa2590,0x00000000e2000000)
  to   space 4096K, 0% used [0x00000000e1800000,0x00000000e1800000,0x00000000e1c00000)
 ParOldGen       total 65536K, used 16K [0x00000000a0000000, 0x00000000a4000000, 0x00000000e0000000)
  object space 65536K, 0% used [0x00000000a0000000,0x00000000a0004000,0x00000000a4000000)
 Metaspace       used 13551K, capacity 13890K, committed 14080K, reserved 1060864K
  class space    used 1863K, capacity 1996K, committed 2048K, reserved 1048576K
Event: 3.099 GC heap after
Heap after GC invocations=3 (full 0):
 PSYoungGen      total 28672K, used 4080K [0x00000000e0000000, 0x00000000e2000000, 0x0000000100000000)
  eden space 24576K, 0% used [0x00000000e0000000,0x00000000e0000000,0x00000000e1800000)
  from space 4096K, 99% used [0x00000000e1800000,0x00000000e1bfc030,0x00000000e1c00000)
  to   space 4096K, 0% used [0x00000000e1c00000,0x00000000e1c00000,0x00000000e2000000)
 ParOldGen       total 65536K, used 1449K [0x00000000a0000000, 0x00000000a4000000, 0x00000000e0000000)
  object space 65536K, 2% used [0x00000000a0000000,0x00000000a016a6a8,0x00000000a4000000)
 Metaspace       used 13551K, capacity 13890K, committed 14080K, reserved 1060864K
  class space    used 1863K, capacity 1996K, committed 2048K, reserved 1048576K
}

Deoptimization events (10 events):
Event: 2.790 Thread 0x0000000002e30800 Uncommon trap: reason=unstable_if action=reinterpret pc=0x00000000031c09b0 method=java.util.LinkedHashMap.afterNodeInsertion(Z)V @ 1
Event: 2.828 Thread 0x0000000002e30800 Uncommon trap: reason=unstable_if action=reinterpret pc=0x0000000003173ac0 method=sun.misc.MetaIndex.mayContain(Ljava/lang/String;)Z @ 38
Event: 2.960 Thread 0x0000000019a65800 Uncommon trap: reason=unstable_if action=reinterpret pc=0x00000000032dd720 method=java.util.LinkedHashMap.values()Ljava/util/Collection; @ 6
Event: 2.982 Thread 0x0000000019c58800 Uncommon trap: reason=bimorphic action=maybe_recompile pc=0x000000000326b2dc method=java.util.HashMap.putVal(ILjava/lang/Object;Ljava/lang/Object;ZZ)Ljava/lang/Object; @ 253
Event: 2.982 Thread 0x0000000019c58800 Uncommon trap: reason=bimorphic action=maybe_recompile pc=0x000000000326b2dc method=java.util.HashMap.putVal(ILjava/lang/Object;Ljava/lang/Object;ZZ)Ljava/lang/Object; @ 253
Event: 2.983 Thread 0x0000000019c58800 Uncommon trap: reason=bimorphic action=maybe_recompile pc=0x000000000326c0bc method=java.util.HashMap.putVal(ILjava/lang/Object;Ljava/lang/Object;ZZ)Ljava/lang/Object; @ 253
Event: 3.198 Thread 0x0000000019c58800 Uncommon trap: reason=class_check action=maybe_recompile pc=0x000000000318f49c method=java.util.regex.Matcher.match(II)Z @ 86
Event: 3.199 Thread 0x0000000019c58800 Uncommon trap: reason=class_check action=maybe_recompile pc=0x000000000318f49c method=java.util.regex.Matcher.match(II)Z @ 86
Event: 3.494 Thread 0x0000000019c58800 Uncommon trap: reason=unstable_if action=reinterpret pc=0x000000000308abc8 method=java.net.URI.match(CJJ)Z @ 19
Event: 3.494 Thread 0x0000000019c58800 Uncommon trap: reason=unstable_if action=reinterpret pc=0x0000000003165fc8 method=java.net.URI.match(CJJ)Z @ 19

Internal exceptions (10 events):
Event: 2.943 Thread 0x0000000019a67000 Exception <a 'java/lang/NoSuchMethodError': <clinit>> (0x00000000e0c5fff8) thrown at [C:\re\workspace\8-2-build-windows-amd64-cygwin\jdk8u60\4407\hotspot\src\share\vm\prims\jni.cpp, line 1591]
Event: 2.953 Thread 0x0000000019a67000 Exception <a 'java/lang/NoSuchMethodError': <clinit>> (0x00000000e0c833c8) thrown at [C:\re\workspace\8-2-build-windows-amd64-cygwin\jdk8u60\4407\hotspot\src\share\vm\prims\jni.cpp, line 1591]
Event: 2.975 Thread 0x0000000019c58800 Exception <a 'java/lang/NoSuchMethodError': <clinit>> (0x00000000e0d32dd8) thrown at [C:\re\workspace\8-2-build-windows-amd64-cygwin\jdk8u60\4407\hotspot\src\share\vm\prims\jni.cpp, line 1591]
Event: 2.975 Thread 0x0000000019c58800 Exception <a 'java/lang/NoSuchMethodError': <clinit>> (0x00000000e0d3b060) thrown at [C:\re\workspace\8-2-build-windows-amd64-cygwin\jdk8u60\4407\hotspot\src\share\vm\prims\jni.cpp, line 1591]
Event: 3.010 Thread 0x0000000019c58800 Exception <a 'java/lang/ArrayIndexOutOfBoundsException'> (0x00000000e0f793d0) thrown at [C:\re\workspace\8-2-build-windows-amd64-cygwin\jdk8u60\4407\hotspot\src\share\vm\runtime\sharedRuntime.cpp, line 605]
Event: 3.024 Thread 0x0000000019c58800 Exception <a 'java/lang/ArrayIndexOutOfBoundsException'> (0x00000000e104e740) thrown at [C:\re\workspace\8-2-build-windows-amd64-cygwin\jdk8u60\4407\hotspot\src\share\vm\runtime\sharedRuntime.cpp, line 605]
Event: 3.551 Thread 0x0000000019c58800 Exception <a 'java/lang/NoSuchMethodError': <clinit>> (0x00000000e154f1c0) thrown at [C:\re\workspace\8-2-build-windows-amd64-cygwin\jdk8u60\4407\hotspot\src\share\vm\prims\jni.cpp, line 1591]
Event: 3.552 Thread 0x0000000019c58800 Exception <a 'java/lang/NoSuchMethodError': <clinit>> (0x00000000e1551990) thrown at [C:\re\workspace\8-2-build-windows-amd64-cygwin\jdk8u60\4407\hotspot\src\share\vm\prims\jni.cpp, line 1591]
Event: 3.553 Thread 0x0000000019c58800 Exception <a 'java/lang/NoSuchMethodError': <clinit>> (0x00000000e155dcb0) thrown at [C:\re\workspace\8-2-build-windows-amd64-cygwin\jdk8u60\4407\hotspot\src\share\vm\prims\jni.cpp, line 1591]
Event: 3.554 Thread 0x0000000019c58800 Exception <a 'java/lang/NoSuchMethodError': <clinit>> (0x00000000e1568120) thrown at [C:\re\workspace\8-2-build-windows-amd64-cygwin\jdk8u60\4407\hotspot\src\share\vm\prims\jni.cpp, line 1591]

Events (10 events):
Event: 3.580 loading class org/gradle/internal/file/JarCache$FileInfo
Event: 3.580 loading class org/gradle/internal/file/JarCache$FileInfo done
Event: 3.581 loading class com/google/common/cache/LocalCache$StrongAccessEntry
Event: 3.581 loading class com/google/common/cache/LocalCache$StrongAccessEntry done
Event: 3.581 loading class com/google/common/cache/LocalCache$StrongEntry
Event: 3.581 loading class com/google/common/cache/LocalCache$StrongEntry done
Event: 3.582 loading class com/google/common/cache/LocalCache$NullEntry
Event: 3.582 loading class com/google/common/cache/LocalCache$NullEntry done
Event: 3.604 loading class java/net/DatagramPacket$1
Event: 3.604 loading class java/net/DatagramPacket$1 done


Dynamic libraries:
0x00007ff63ae10000 - 0x00007ff63ae47000 	C:\Program Files\Java\jdk1.8.0_60\bin\java.exe
0x00007ffc9b830000 - 0x00007ffc9b9f2000 	C:\Windows\SYSTEM32\ntdll.dll
0x00007ffc9a760000 - 0x00007ffc9a80d000 	C:\Windows\system32\KERNEL32.DLL
0x00007ffc98b50000 - 0x00007ffc98d2d000 	C:\Windows\system32\KERNELBASE.dll
0x00007ffc9a8f0000 - 0x00007ffc9a996000 	C:\Windows\system32\ADVAPI32.dll
0x00007ffc9b750000 - 0x00007ffc9b7ed000 	C:\Windows\system32\msvcrt.dll
0x00007ffc9a890000 - 0x00007ffc9a8eb000 	C:\Windows\system32\sechost.dll
0x00007ffc9afc0000 - 0x00007ffc9b0e6000 	C:\Windows\system32\RPCRT4.dll
0x00007ffc9b4b0000 - 0x00007ffc9b5fe000 	C:\Windows\system32\USER32.dll
0x00007ffc98ef0000 - 0x00007ffc99073000 	C:\Windows\system32\GDI32.dll
0x00007ffc885a0000 - 0x00007ffc88814000 	C:\Windows\WinSxS\amd64_microsoft.windows.common-controls_6595b64144ccf1df_6.0.10240.17184_none_f41d7a705752bce6\COMCTL32.dll
0x00007ffc9b7f0000 - 0x00007ffc9b826000 	C:\Windows\system32\IMM32.DLL
0x00007ffc9aa70000 - 0x00007ffc9abcc000 	C:\Windows\system32\MSCTF.dll
0x0000000073e00000 - 0x0000000073ed2000 	C:\Program Files\Java\jdk1.8.0_60\jre\bin\msvcr100.dll
0x0000000072a50000 - 0x00000000732d9000 	C:\Program Files\Java\jdk1.8.0_60\jre\bin\server\jvm.dll
0x00007ffc9ae00000 - 0x00007ffc9ae08000 	C:\Windows\system32\PSAPI.DLL
0x00007ffc8e290000 - 0x00007ffc8e299000 	C:\Windows\SYSTEM32\WSOCK32.dll
0x00007ffc9ae90000 - 0x00007ffc9aef9000 	C:\Windows\system32\WS2_32.dll
0x00007ffc9afb0000 - 0x00007ffc9afb8000 	C:\Windows\system32\NSI.dll
0x00007ffc95d40000 - 0x00007ffc95d63000 	C:\Windows\SYSTEM32\WINMM.dll
0x00007ffc8d810000 - 0x00007ffc8d81a000 	C:\Windows\SYSTEM32\VERSION.dll
0x00007ffc95cb0000 - 0x00007ffc95cdc000 	C:\Windows\SYSTEM32\WINMMBASE.dll
0x00007ffc98d30000 - 0x00007ffc98d74000 	C:\Windows\system32\cfgmgr32.dll
0x00007ffc96b30000 - 0x00007ffc96b57000 	C:\Windows\SYSTEM32\DEVOBJ.dll
0x0000000073df0000 - 0x0000000073dff000 	C:\Program Files\Java\jdk1.8.0_60\jre\bin\verify.dll
0x0000000073dc0000 - 0x0000000073de9000 	C:\Program Files\Java\jdk1.8.0_60\jre\bin\java.dll
0x0000000073da0000 - 0x0000000073db6000 	C:\Program Files\Java\jdk1.8.0_60\jre\bin\zip.dll
0x00007ffc99230000 - 0x00007ffc9a753000 	C:\Windows\system32\SHELL32.dll
0x00007ffc982f0000 - 0x00007ffc98919000 	C:\Windows\system32\windows.storage.dll
0x00007ffc9b1d0000 - 0x00007ffc9b44c000 	C:\Windows\system32\combase.dll
0x00007ffc9ae10000 - 0x00007ffc9ae61000 	C:\Windows\system32\shlwapi.dll
0x00007ffc982e0000 - 0x00007ffc982ef000 	C:\Windows\system32\kernel.appcore.dll
0x00007ffc98e30000 - 0x00007ffc98ee3000 	C:\Windows\system32\shcore.dll
0x00007ffc98270000 - 0x00007ffc982ba000 	C:\Windows\system32\powrprof.dll
0x00007ffc98250000 - 0x00007ffc98263000 	C:\Windows\system32\profapi.dll
0x0000000073d80000 - 0x0000000073d9a000 	C:\Program Files\Java\jdk1.8.0_60\jre\bin\net.dll
0x00007ffc97a50000 - 0x00007ffc97aad000 	C:\Windows\system32\mswsock.dll
0x0000000073d60000 - 0x0000000073d71000 	C:\Program Files\Java\jdk1.8.0_60\jre\bin\nio.dll
0x00007ffc7ff30000 - 0x00007ffc7ff4e000 	C:\Users\el\.gradle\native\23\windows-amd64\native-platform.dll
0x00007ffc97ab0000 - 0x00007ffc97ac7000 	C:\Windows\SYSTEM32\CRYPTSP.dll
0x00007ffc98180000 - 0x00007ffc981a8000 	C:\Windows\SYSTEM32\bcrypt.dll
0x00007ffc97700000 - 0x00007ffc97733000 	C:\Windows\system32\rsaenh.dll
0x00007ffc978f0000 - 0x00007ffc9790f000 	C:\Windows\SYSTEM32\USERENV.dll
0x00007ffc98070000 - 0x00007ffc980db000 	C:\Windows\system32\bcryptprimitives.dll
0x00007ffc97c30000 - 0x00007ffc97c3b000 	C:\Windows\SYSTEM32\CRYPTBASE.dll
0x00007ffc96360000 - 0x00007ffc96398000 	C:\Windows\SYSTEM32\IPHLPAPI.DLL
0x00007ffc96350000 - 0x00007ffc9635b000 	C:\Windows\SYSTEM32\WINNSI.DLL
0x00007ffc94870000 - 0x00007ffc94886000 	C:\Windows\SYSTEM32\dhcpcsvc6.DLL
0x00007ffc94850000 - 0x00007ffc9486a000 	C:\Windows\SYSTEM32\dhcpcsvc.DLL
0x0000000073d50000 - 0x0000000073d5d000 	C:\Program Files\Java\jdk1.8.0_60\jre\bin\management.dll

VM Arguments:
jvm_args: -Xmx1536m -Dfile.encoding=windows-1256 -Duser.country=US -Duser.language=en -Duser.variant 
java_command: org.gradle.launcher.daemon.bootstrap.GradleDaemon 3.3
java_class_path (initial): C:\Users\el\.gradle\wrapper\dists\gradle-3.3-all\55gk2rcmfc6p2dg9u9ohc3hw9\gradle-3.3\lib\gradle-launcher-3.3.jar
Launcher Type: SUN_STANDARD

Environment Variables:
JAVA_HOME=C:\Program Files\Java\jdk1.8.0_60
PATH=C:\ProgramData\Oracle\Java\javapath;C:\Program Files (x86)\Intel\iCLS Client\;C:\Program Files\Intel\iCLS Client\;C:\Windows\system32;C:\Windows;C:\Windows\System32\Wbem;C:\Windows\System32\WindowsPowerShell\v1.0\;C:\Program Files (x86)\AMD\ATI.ACE\Core-Static;C:\Program Files\Intel\Intel(R) Management Engine Components\DAL;C:\Program Files (x86)\Intel\Intel(R) Management Engine Components\DAL;C:\Program Files\Intel\Intel(R) Management Engine Components\IPT;C:\Program Files (x86)\Intel\Intel(R) Management Engine Components\IPT;C:\Program Files\Java\jdk1.8.0_60\bin;C:\opencv2413\build\x86\vc12\bin;C:\Program Files (x86)\Windows Kits\8.1\Windows Performance Toolkit\;C:\Program Files\Microsoft SQL Server\110\Tools\Binn\;C:\Program Files\Git\cmd;C:\Program Files\nodejs\;F:\matlab\runtime\win64;F:\matlab\bin;F:\matlab\polyspace\bin;C:\Program Files (x86)\Skype\Phone\;C:\Users\el\AppData\Roaming\npm
USERNAME=el
OS=Windows_NT
PROCESSOR_IDENTIFIER=Intel64 Family 6 Model 61 Stepping 4, GenuineIntel



---------------  S Y S T E M  ---------------

OS: Windows 10.0 , 64 bit Build 10240 (10.0.10240.17113)

CPU:total 4 (2 cores per cpu, 2 threads per core) family 6 model 61 stepping 4, cmov, cx8, fxsr, mmx, sse, sse2, sse3, ssse3, sse4.1, sse4.2, popcnt, avx, avx2, aes, clmul, erms, 3dnowpref, lzcnt, ht, tsc, tscinvbit, bmi1, bmi2, adx

Memory: 4k page, physical 6209072k(1787432k free), swap 7513464k(3228k free)

vm_info: Java HotSpot(TM) 64-Bit Server VM (25.60-b23) for windows-amd64 JRE (1.8.0_60-b27), built on Aug  4 2015 11:06:27 by "java_re" with MS VC++ 10.0 (VS2010)

time: Mon Sep 18 12:56:35 2017
elapsed time: 3 seconds (0d 0h 0m 3s)

