#
# There is insufficient memory for the Java Runtime Environment to continue.
# Native memory allocation (malloc) failed to allocate 1687632 bytes for Chunk::new
# Possible reasons:
#   The system is out of physical RAM or swap space
#   In 32 bit mode, the process size limit was hit
# Possible solutions:
#   Reduce memory load on the system
#   Increase physical memory or swap space
#   Check if swap backing store is full
#   Use 64 bit Java on a 64 bit OS
#   Decrease Java heap size (-Xmx/-Xms)
#   Decrease number of Java threads
#   Decrease Java thread stack sizes (-Xss)
#   Set larger code cache with -XX:ReservedCodeCacheSize=
# This output file may be truncated or incomplete.
#
#  Out of Memory Error (allocation.cpp:390), pid=8976, tid=10216
#
# JRE version: Java(TM) SE Runtime Environment (8.0_60-b27) (build 1.8.0_60-b27)
# Java VM: Java HotSpot(TM) 64-Bit Server VM (25.60-b23 mixed mode windows-amd64 compressed oops)
# Failed to write core dump. Minidumps are not enabled by default on client versions of Windows
#

---------------  T H R E A D  ---------------

Current thread (0x00000000164cc000):  JavaThread "C2 CompilerThread1" daemon [_thread_in_native, id=10216, stack(0x0000000017bc0000,0x0000000017cc0000)]

Stack: [0x0000000017bc0000,0x0000000017cc0000]
[error occurred during error reporting (printing stack bounds), id 0xc0000005]

Native frames: (J=compiled Java code, j=interpreted, Vv=VM code, C=native code)


Current CompileTask:
C2:   4117 1490       4       java.net.URLClassLoader$1::run (5 bytes)


---------------  P R O C E S S  ---------------

Java Threads: ( => current thread )
  0x000000001911f000 JavaThread "File lock request listener" [_thread_in_native, id=4444, stack(0x000000001c1e0000,0x000000001c2e0000)]
  0x0000000019428800 JavaThread "Stdin handler" [_thread_blocked, id=6104, stack(0x000000001baa0000,0x000000001bba0000)]
  0x0000000019428000 JavaThread "Asynchronous log dispatcher for DefaultDaemonConnection: socket connection from /127.0.0.1:9809 to /127.0.0.1:9810" [_thread_blocked, id=5316, stack(0x000000001b9a0000,0x000000001baa0000)]
  0x0000000019238800 JavaThread "Daemon worker" [_thread_in_native, id=5812, stack(0x000000001b8a0000,0x000000001b9a0000)]
  0x0000000019253000 JavaThread "Cancel handler" [_thread_blocked, id=1388, stack(0x000000001b7a0000,0x000000001b8a0000)]
  0x000000001904f800 JavaThread "Handler for socket connection from /127.0.0.1:9809 to /127.0.0.1:9810" [_thread_in_native, id=6712, stack(0x000000001b6a0000,0x000000001b7a0000)]
  0x000000001904f000 JavaThread "Daemon" [_thread_blocked, id=9460, stack(0x000000001b5a0000,0x000000001b6a0000)]
  0x0000000019263000 JavaThread "Incoming local TCP Connector on port 9809" [_thread_in_native, id=10072, stack(0x000000001b1c0000,0x000000001b2c0000)]
  0x0000000019700800 JavaThread "pool-1-thread-1" [_thread_blocked, id=7480, stack(0x000000001ab60000,0x000000001ac60000)]
  0x00000000164de800 JavaThread "Service Thread" daemon [_thread_blocked, id=7624, stack(0x00000000181c0000,0x00000000182c0000)]
  0x00000000164cf000 JavaThread "C1 CompilerThread2" daemon [_thread_blocked, id=9428, stack(0x0000000017cc0000,0x0000000017dc0000)]
=>0x00000000164cc000 JavaThread "C2 CompilerThread1" daemon [_thread_in_native, id=10216, stack(0x0000000017bc0000,0x0000000017cc0000)]
  0x00000000164c8000 JavaThread "C2 CompilerThread0" daemon [_thread_in_native, id=9876, stack(0x0000000017ac0000,0x0000000017bc0000)]
  0x00000000164c6000 JavaThread "Attach Listener" daemon [_thread_blocked, id=9644, stack(0x00000000179c0000,0x0000000017ac0000)]
  0x00000000164c5800 JavaThread "Signal Dispatcher" daemon [_thread_blocked, id=9884, stack(0x00000000178c0000,0x00000000179c0000)]
  0x0000000002a56000 JavaThread "Finalizer" daemon [_thread_blocked, id=9572, stack(0x00000000176e0000,0x00000000177e0000)]
  0x0000000002a4d000 JavaThread "Reference Handler" daemon [_thread_blocked, id=9952, stack(0x00000000175e0000,0x00000000176e0000)]
  0x0000000002960800 JavaThread "main" [_thread_blocked, id=3796, stack(0x00000000027e0000,0x00000000028e0000)]

Other Threads:
  0x0000000016448000 VMThread [stack: 0x00000000174e0000,0x00000000175e0000] [id=10152]
  0x0000000017e7c000 WatcherThread [stack: 0x00000000182c0000,0x00000000183c0000] [id=9828]

VM state:not at safepoint (normal execution)

VM Mutex/Monitor currently owned by a thread: None

Heap:
 PSYoungGen      total 28672K, used 7968K [0x00000000e0000000, 0x00000000e2000000, 0x0000000100000000)
  eden space 24576K, 15% used [0x00000000e0000000,0x00000000e03c80f0,0x00000000e1800000)
  from space 4096K, 100% used [0x00000000e1c00000,0x00000000e2000000,0x00000000e2000000)
  to   space 4096K, 0% used [0x00000000e1800000,0x00000000e1800000,0x00000000e1c00000)
 ParOldGen       total 65536K, used 4453K [0x00000000a0000000, 0x00000000a4000000, 0x00000000e0000000)
  object space 65536K, 6% used [0x00000000a0000000,0x00000000a04595a8,0x00000000a4000000)
 Metaspace       used 16843K, capacity 17230K, committed 17408K, reserved 1064960K
  class space    used 2399K, capacity 2554K, committed 2560K, reserved 1048576K

Card table byte_map: [0x0000000011ed0000,0x00000000121e0000] byte_map_base: 0x00000000119d0000

Marking Bits: (ParMarkBitMap*) 0x000000007317a5b0
 Begin Bits: [0x00000000127e0000, 0x0000000013fe0000)
 End Bits:   [0x0000000013fe0000, 0x00000000157e0000)

Polling page: 0x0000000001030000

CodeCache: size=245760Kb used=5293Kb max_used=5293Kb free=240466Kb
 bounds [0x0000000002b10000, 0x0000000003040000, 0x0000000011b10000]
 total_blobs=1917 nmethods=1522 adapters=307
 compilation: enabled

Compilation events (10 events):
Event: 4.074 Thread 0x00000000164cf000 1521       1       java.lang.reflect.Proxy$Key1::hashCode (5 bytes)
Event: 4.074 Thread 0x00000000164cf000 nmethod 1521 0x000000000303a310 code [0x000000000303a460, 0x000000000303a570]
Event: 4.075 Thread 0x00000000164cf000 1523       3       org.objectweb.asm.Type::getArgumentsAndReturnSizes (151 bytes)
Event: 4.076 Thread 0x00000000164cf000 nmethod 1523 0x000000000303a990 code [0x000000000303abc0, 0x000000000303b938]
Event: 4.076 Thread 0x00000000164cf000 1524       3       org.objectweb.asm.MethodWriter::visitVarInsn (292 bytes)
Event: 4.078 Thread 0x00000000164cf000 nmethod 1524 0x000000000303be50 code [0x000000000303c080, 0x000000000303cae8]
Event: 4.110 Thread 0x00000000164cf000 1526       3       java.lang.StringBuilder::append (8 bytes)
Event: 4.111 Thread 0x00000000164cf000 nmethod 1526 0x000000000303ced0 code [0x000000000303d040, 0x000000000303d1c8]
Event: 4.111 Thread 0x00000000164cf000 1527  s    3       java.io.ExpiringCache::get (39 bytes)
Event: 4.111 Thread 0x00000000164cf000 nmethod 1527 0x000000000303d250 code [0x000000000303d3e0, 0x000000000303d818]

GC Heap History (8 events):
Event: 0.555 GC heap before
{Heap before GC invocations=1 (full 0):
 PSYoungGen      total 28672K, used 24576K [0x00000000e0000000, 0x00000000e2000000, 0x0000000100000000)
  eden space 24576K, 100% used [0x00000000e0000000,0x00000000e1800000,0x00000000e1800000)
  from space 4096K, 0% used [0x00000000e1c00000,0x00000000e1c00000,0x00000000e2000000)
  to   space 4096K, 0% used [0x00000000e1800000,0x00000000e1800000,0x00000000e1c00000)
 ParOldGen       total 65536K, used 0K [0x00000000a0000000, 0x00000000a4000000, 0x00000000e0000000)
  object space 65536K, 0% used [0x00000000a0000000,0x00000000a0000000,0x00000000a4000000)
 Metaspace       used 6781K, capacity 6872K, committed 7040K, reserved 1056768K
  class space    used 859K, capacity 888K, committed 896K, reserved 1048576K
Event: 0.560 GC heap after
Heap after GC invocations=1 (full 0):
 PSYoungGen      total 28672K, used 4056K [0x00000000e0000000, 0x00000000e2000000, 0x0000000100000000)
  eden space 24576K, 0% used [0x00000000e0000000,0x00000000e0000000,0x00000000e1800000)
  from space 4096K, 99% used [0x00000000e1800000,0x00000000e1bf6010,0x00000000e1c00000)
  to   space 4096K, 0% used [0x00000000e1c00000,0x00000000e1c00000,0x00000000e2000000)
 ParOldGen       total 65536K, used 8K [0x00000000a0000000, 0x00000000a4000000, 0x00000000e0000000)
  object space 65536K, 0% used [0x00000000a0000000,0x00000000a0002000,0x00000000a4000000)
 Metaspace       used 6781K, capacity 6872K, committed 7040K, reserved 1056768K
  class space    used 859K, capacity 888K, committed 896K, reserved 1048576K
}
Event: 1.222 GC heap before
{Heap before GC invocations=2 (full 0):
 PSYoungGen      total 28672K, used 28632K [0x00000000e0000000, 0x00000000e2000000, 0x0000000100000000)
  eden space 24576K, 100% used [0x00000000e0000000,0x00000000e1800000,0x00000000e1800000)
  from space 4096K, 99% used [0x00000000e1800000,0x00000000e1bf6010,0x00000000e1c00000)
  to   space 4096K, 0% used [0x00000000e1c00000,0x00000000e1c00000,0x00000000e2000000)
 ParOldGen       total 65536K, used 8K [0x00000000a0000000, 0x00000000a4000000, 0x00000000e0000000)
  object space 65536K, 0% used [0x00000000a0000000,0x00000000a0002000,0x00000000a4000000)
 Metaspace       used 8858K, capacity 9046K, committed 9216K, reserved 1056768K
  class space    used 1157K, capacity 1249K, committed 1280K, reserved 1048576K
Event: 1.228 GC heap after
Heap after GC invocations=2 (full 0):
 PSYoungGen      total 28672K, used 3750K [0x00000000e0000000, 0x00000000e2000000, 0x0000000100000000)
  eden space 24576K, 0% used [0x00000000e0000000,0x00000000e0000000,0x00000000e1800000)
  from space 4096K, 91% used [0x00000000e1c00000,0x00000000e1fa9a50,0x00000000e2000000)
  to   space 4096K, 0% used [0x00000000e1800000,0x00000000e1800000,0x00000000e1c00000)
 ParOldGen       total 65536K, used 16K [0x00000000a0000000, 0x00000000a4000000, 0x00000000e0000000)
  object space 65536K, 0% used [0x00000000a0000000,0x00000000a0004000,0x00000000a4000000)
 Metaspace       used 8858K, capacity 9046K, committed 9216K, reserved 1056768K
  class space    used 1157K, capacity 1249K, committed 1280K, reserved 1048576K
}
Event: 2.321 GC heap before
{Heap before GC invocations=3 (full 0):
 PSYoungGen      total 28672K, used 28326K [0x00000000e0000000, 0x00000000e2000000, 0x0000000100000000)
  eden space 24576K, 100% used [0x00000000e0000000,0x00000000e1800000,0x00000000e1800000)
  from space 4096K, 91% used [0x00000000e1c00000,0x00000000e1fa9a50,0x00000000e2000000)
  to   space 4096K, 0% used [0x00000000e1800000,0x00000000e1800000,0x00000000e1c00000)
 ParOldGen       total 65536K, used 16K [0x00000000a0000000, 0x00000000a4000000, 0x00000000e0000000)
  object space 65536K, 0% used [0x00000000a0000000,0x00000000a0004000,0x00000000a4000000)
 Metaspace       used 13519K, capacity 13810K, committed 14080K, reserved 1060864K
  class space    used 1863K, capacity 1996K, committed 2048K, reserved 1048576K
Event: 2.327 GC heap after
Heap after GC invocations=3 (full 0):
 PSYoungGen      total 28672K, used 4064K [0x00000000e0000000, 0x00000000e2000000, 0x0000000100000000)
  eden space 24576K, 0% used [0x00000000e0000000,0x00000000e0000000,0x00000000e1800000)
  from space 4096K, 99% used [0x00000000e1800000,0x00000000e1bf8020,0x00000000e1c00000)
  to   space 4096K, 0% used [0x00000000e1c00000,0x00000000e1c00000,0x00000000e2000000)
 ParOldGen       total 65536K, used 1459K [0x00000000a0000000, 0x00000000a4000000, 0x00000000e0000000)
  object space 65536K, 2% used [0x00000000a0000000,0x00000000a016cf30,0x00000000a4000000)
 Metaspace       used 13519K, capacity 13810K, committed 14080K, reserved 1060864K
  class space    used 1863K, capacity 1996K, committed 2048K, reserved 1048576K
}
Event: 3.599 GC heap before
{Heap before GC invocations=4 (full 0):
 PSYoungGen      total 28672K, used 28640K [0x00000000e0000000, 0x00000000e2000000, 0x0000000100000000)
  eden space 24576K, 100% used [0x00000000e0000000,0x00000000e1800000,0x00000000e1800000)
  from space 4096K, 99% used [0x00000000e1800000,0x00000000e1bf8020,0x00000000e1c00000)
  to   space 4096K, 0% used [0x00000000e1c00000,0x00000000e1c00000,0x00000000e2000000)
 ParOldGen       total 65536K, used 1459K [0x00000000a0000000, 0x00000000a4000000, 0x00000000e0000000)
  object space 65536K, 2% used [0x00000000a0000000,0x00000000a016cf30,0x00000000a4000000)
 Metaspace       used 16260K, capacity 16622K, committed 16896K, reserved 1062912K
  class space    used 2315K, capacity 2458K, committed 2560K, reserved 1048576K
Event: 3.606 GC heap after
Heap after GC invocations=4 (full 0):
 PSYoungGen      total 28672K, used 4096K [0x00000000e0000000, 0x00000000e2000000, 0x0000000100000000)
  eden space 24576K, 0% used [0x00000000e0000000,0x00000000e0000000,0x00000000e1800000)
  from space 4096K, 100% used [0x00000000e1c00000,0x00000000e2000000,0x00000000e2000000)
  to   space 4096K, 0% used [0x00000000e1800000,0x00000000e1800000,0x00000000e1c00000)
 ParOldGen       total 65536K, used 4453K [0x00000000a0000000, 0x00000000a4000000, 0x00000000e0000000)
  object space 65536K, 6% used [0x00000000a0000000,0x00000000a04595a8,0x00000000a4000000)
 Metaspace       used 16260K, capacity 16622K, committed 16896K, reserved 1062912K
  class space    used 2315K, capacity 2458K, committed 2560K, reserved 1048576K
}

Deoptimization events (10 events):
Event: 3.192 Thread 0x0000000019238800 Uncommon trap: reason=bimorphic action=maybe_recompile pc=0x0000000002fa5170 method=java.lang.ClassLoader.loadClass(Ljava/lang/String;Z)Ljava/lang/Class; @ 38
Event: 3.193 Thread 0x0000000019238800 Uncommon trap: reason=bimorphic action=maybe_recompile pc=0x0000000002fa5170 method=java.lang.ClassLoader.loadClass(Ljava/lang/String;Z)Ljava/lang/Class; @ 38
Event: 3.193 Thread 0x0000000019238800 Uncommon trap: reason=bimorphic action=maybe_recompile pc=0x0000000002fa5170 method=java.lang.ClassLoader.loadClass(Ljava/lang/String;Z)Ljava/lang/Class; @ 38
Event: 3.473 Thread 0x0000000019238800 Uncommon trap: reason=bimorphic action=maybe_recompile pc=0x0000000003016bfc method=java.lang.ClassLoader.getPackage(Ljava/lang/String;)Ljava/lang/Package; @ 47
Event: 3.502 Thread 0x0000000019238800 Uncommon trap: reason=bimorphic action=maybe_recompile pc=0x0000000003016bfc method=java.lang.ClassLoader.getPackage(Ljava/lang/String;)Ljava/lang/Package; @ 47
Event: 3.504 Thread 0x0000000019238800 Uncommon trap: reason=bimorphic action=maybe_recompile pc=0x0000000003016bfc method=java.lang.ClassLoader.getPackage(Ljava/lang/String;)Ljava/lang/Package; @ 47
Event: 3.553 Thread 0x0000000019238800 Uncommon trap: reason=bimorphic action=maybe_recompile pc=0x0000000003016bfc method=java.lang.ClassLoader.getPackage(Ljava/lang/String;)Ljava/lang/Package; @ 47
Event: 3.768 Thread 0x0000000019238800 Uncommon trap: reason=predicate action=maybe_recompile pc=0x0000000002ffbc08 method=sun.security.provider.DigestBase.implCompressMultiBlock([BII)I @ 5
Event: 3.827 Thread 0x0000000019238800 Uncommon trap: reason=unstable_if action=reinterpret pc=0x0000000002dc6e2c method=java.lang.AbstractStringBuilder.append(Ljava/lang/String;)Ljava/lang/AbstractStringBuilder; @ 1
Event: 3.827 Thread 0x0000000019238800 Uncommon trap: reason=unstable_if action=reinterpret pc=0x0000000002d23a18 method=java.lang.AbstractStringBuilder.append(Ljava/lang/String;)Ljava/lang/AbstractStringBuilder; @ 1

Internal exceptions (10 events):
Event: 2.779 Thread 0x0000000019238800 Exception <a 'java/lang/NoSuchMethodError': <clinit>> (0x00000000e1554fc8) thrown at [C:\re\workspace\8-2-build-windows-amd64-cygwin\jdk8u60\4407\hotspot\src\share\vm\prims\jni.cpp, line 1591]
Event: 2.779 Thread 0x0000000019238800 Exception <a 'java/lang/NoSuchMethodError': <clinit>> (0x00000000e15612a8) thrown at [C:\re\workspace\8-2-build-windows-amd64-cygwin\jdk8u60\4407\hotspot\src\share\vm\prims\jni.cpp, line 1591]
Event: 2.780 Thread 0x0000000019238800 Exception <a 'java/lang/NoSuchMethodError': <clinit>> (0x00000000e156b718) thrown at [C:\re\workspace\8-2-build-windows-amd64-cygwin\jdk8u60\4407\hotspot\src\share\vm\prims\jni.cpp, line 1591]
Event: 3.195 Thread 0x0000000019238800 Exception <a 'java/lang/NoSuchMethodError': <clinit>> (0x00000000e1697c68) thrown at [C:\re\workspace\8-2-build-windows-amd64-cygwin\jdk8u60\4407\hotspot\src\share\vm\prims\jni.cpp, line 1591]
Event: 3.505 Thread 0x0000000019238800 Exception <a 'java/lang/NoSuchMethodError': <clinit>> (0x00000000e16f0078) thrown at [C:\re\workspace\8-2-build-windows-amd64-cygwin\jdk8u60\4407\hotspot\src\share\vm\prims\jni.cpp, line 1591]
Event: 3.571 Thread 0x0000000019238800 Exception <a 'java/lang/NoSuchMethodError': <clinit>> (0x00000000e1713568) thrown at [C:\re\workspace\8-2-build-windows-amd64-cygwin\jdk8u60\4407\hotspot\src\share\vm\prims\jni.cpp, line 1591]
Event: 3.572 Thread 0x0000000019238800 Exception <a 'java/lang/NoSuchMethodError': <clinit>> (0x00000000e171df80) thrown at [C:\re\workspace\8-2-build-windows-amd64-cygwin\jdk8u60\4407\hotspot\src\share\vm\prims\jni.cpp, line 1591]
Event: 3.574 Thread 0x0000000019238800 Exception <a 'java/lang/NoSuchMethodError': <clinit>> (0x00000000e173b8a8) thrown at [C:\re\workspace\8-2-build-windows-amd64-cygwin\jdk8u60\4407\hotspot\src\share\vm\prims\jni.cpp, line 1591]
Event: 3.827 Thread 0x0000000019238800 Implicit null exception at 0x0000000002dc6ad6 to 0x0000000002dc6e15
Event: 3.827 Thread 0x0000000019238800 Implicit null exception at 0x0000000002d236d6 to 0x0000000002d23a01

Events (10 events):
Event: 4.097 loading class org/gradle/groovy/scripts/internal/ImperativeStatementDetectingTransformer
Event: 4.097 loading class org/gradle/groovy/scripts/internal/ImperativeStatementDetectingTransformer done
Event: 4.097 loading class org/gradle/groovy/scripts/internal/BuildScriptTransformer$1
Event: 4.097 loading class org/gradle/groovy/scripts/internal/BuildScriptTransformer$1 done
Event: 4.098 loading class org/gradle/api/internal/initialization/ClassLoaderScopeIdentifier$Id
Event: 4.098 loading class org/gradle/api/internal/initialization/ClassLoaderScopeIdentifier$Id done
Event: 4.098 loading class org/gradle/model/dsl/internal/transform/ClosureCreationInterceptingVerifier
Event: 4.098 loading class org/gradle/model/dsl/internal/transform/ClosureCreationInterceptingVerifier done
Event: 4.110 Thread 0x0000000019238800 DEOPT PACKING pc=0x0000000002e2dbbd sp=0x000000001b99d4d0
Event: 4.111 Thread 0x0000000019238800 DEOPT UNPACKING pc=0x0000000002b5787f sp=0x000000001b99d288 mode 0


Dynamic libraries:
0x00007ff63ae10000 - 0x00007ff63ae47000 	C:\Program Files\Java\jdk1.8.0_60\bin\java.exe
0x00007ffc9b830000 - 0x00007ffc9b9f2000 	C:\Windows\SYSTEM32\ntdll.dll
0x00007ffc9a760000 - 0x00007ffc9a80d000 	C:\Windows\system32\KERNEL32.DLL
0x00007ffc98b50000 - 0x00007ffc98d2d000 	C:\Windows\system32\KERNELBASE.dll
0x00007ffc9a8f0000 - 0x00007ffc9a996000 	C:\Windows\system32\ADVAPI32.dll
0x00007ffc9b750000 - 0x00007ffc9b7ed000 	C:\Windows\system32\msvcrt.dll
0x00007ffc9a890000 - 0x00007ffc9a8eb000 	C:\Windows\system32\sechost.dll
0x00007ffc9afc0000 - 0x00007ffc9b0e6000 	C:\Windows\system32\RPCRT4.dll
0x00007ffc9b4b0000 - 0x00007ffc9b5fe000 	C:\Windows\system32\USER32.dll
0x00007ffc98ef0000 - 0x00007ffc99073000 	C:\Windows\system32\GDI32.dll
0x00007ffc885a0000 - 0x00007ffc88814000 	C:\Windows\WinSxS\amd64_microsoft.windows.common-controls_6595b64144ccf1df_6.0.10240.17184_none_f41d7a705752bce6\COMCTL32.dll
0x00007ffc9b7f0000 - 0x00007ffc9b826000 	C:\Windows\system32\IMM32.DLL
0x00007ffc9aa70000 - 0x00007ffc9abcc000 	C:\Windows\system32\MSCTF.dll
0x0000000073200000 - 0x00000000732d2000 	C:\Program Files\Java\jdk1.8.0_60\jre\bin\msvcr100.dll
0x0000000072970000 - 0x00000000731f9000 	C:\Program Files\Java\jdk1.8.0_60\jre\bin\server\jvm.dll
0x00007ffc9ae00000 - 0x00007ffc9ae08000 	C:\Windows\system32\PSAPI.DLL
0x00007ffc91fb0000 - 0x00007ffc91fb9000 	C:\Windows\SYSTEM32\WSOCK32.dll
0x00007ffc95d40000 - 0x00007ffc95d63000 	C:\Windows\SYSTEM32\WINMM.dll
0x00007ffc8d810000 - 0x00007ffc8d81a000 	C:\Windows\SYSTEM32\VERSION.dll
0x00007ffc9ae90000 - 0x00007ffc9aef9000 	C:\Windows\system32\WS2_32.dll
0x00007ffc9afb0000 - 0x00007ffc9afb8000 	C:\Windows\system32\NSI.dll
0x00007ffc95cb0000 - 0x00007ffc95cdc000 	C:\Windows\SYSTEM32\WINMMBASE.dll
0x00007ffc98d30000 - 0x00007ffc98d74000 	C:\Windows\system32\cfgmgr32.dll
0x00007ffc96b30000 - 0x00007ffc96b57000 	C:\Windows\SYSTEM32\DEVOBJ.dll
0x0000000072960000 - 0x000000007296f000 	C:\Program Files\Java\jdk1.8.0_60\jre\bin\verify.dll
0x0000000072930000 - 0x0000000072959000 	C:\Program Files\Java\jdk1.8.0_60\jre\bin\java.dll
0x0000000072910000 - 0x0000000072926000 	C:\Program Files\Java\jdk1.8.0_60\jre\bin\zip.dll
0x00007ffc99230000 - 0x00007ffc9a753000 	C:\Windows\system32\SHELL32.dll
0x00007ffc982f0000 - 0x00007ffc98919000 	C:\Windows\system32\windows.storage.dll
0x00007ffc9b1d0000 - 0x00007ffc9b44c000 	C:\Windows\system32\combase.dll
0x00007ffc9ae10000 - 0x00007ffc9ae61000 	C:\Windows\system32\shlwapi.dll
0x00007ffc982e0000 - 0x00007ffc982ef000 	C:\Windows\system32\kernel.appcore.dll
0x00007ffc98e30000 - 0x00007ffc98ee3000 	C:\Windows\system32\shcore.dll
0x00007ffc98270000 - 0x00007ffc982ba000 	C:\Windows\system32\powrprof.dll
0x00007ffc98250000 - 0x00007ffc98263000 	C:\Windows\system32\profapi.dll
0x00000000728f0000 - 0x000000007290a000 	C:\Program Files\Java\jdk1.8.0_60\jre\bin\net.dll
0x00007ffc97a50000 - 0x00007ffc97aad000 	C:\Windows\system32\mswsock.dll
0x00000000728d0000 - 0x00000000728e1000 	C:\Program Files\Java\jdk1.8.0_60\jre\bin\nio.dll
0x00007ffc6b020000 - 0x00007ffc6b03e000 	C:\Users\el\.gradle\native\23\windows-amd64\native-platform.dll
0x00007ffc97ab0000 - 0x00007ffc97ac7000 	C:\Windows\SYSTEM32\CRYPTSP.dll
0x00007ffc98180000 - 0x00007ffc981a8000 	C:\Windows\SYSTEM32\bcrypt.dll
0x00007ffc97700000 - 0x00007ffc97733000 	C:\Windows\system32\rsaenh.dll
0x00007ffc978f0000 - 0x00007ffc9790f000 	C:\Windows\SYSTEM32\USERENV.dll
0x00007ffc98070000 - 0x00007ffc980db000 	C:\Windows\system32\bcryptprimitives.dll
0x00007ffc97c30000 - 0x00007ffc97c3b000 	C:\Windows\SYSTEM32\CRYPTBASE.dll
0x00007ffc96360000 - 0x00007ffc96398000 	C:\Windows\SYSTEM32\IPHLPAPI.DLL
0x00007ffc96350000 - 0x00007ffc9635b000 	C:\Windows\SYSTEM32\WINNSI.DLL
0x00007ffc94870000 - 0x00007ffc94886000 	C:\Windows\SYSTEM32\dhcpcsvc6.DLL
0x00007ffc94850000 - 0x00007ffc9486a000 	C:\Windows\SYSTEM32\dhcpcsvc.DLL
0x00000000728c0000 - 0x00000000728cd000 	C:\Program Files\Java\jdk1.8.0_60\jre\bin\management.dll

VM Arguments:
jvm_args: -Xmx1536m -Dfile.encoding=windows-1256 -Duser.country=US -Duser.language=en -Duser.variant 
java_command: org.gradle.launcher.daemon.bootstrap.GradleDaemon 3.3
java_class_path (initial): C:\Users\el\.gradle\wrapper\dists\gradle-3.3-all\55gk2rcmfc6p2dg9u9ohc3hw9\gradle-3.3\lib\gradle-launcher-3.3.jar
Launcher Type: SUN_STANDARD

Environment Variables:
JAVA_HOME=C:\Program Files\Java\jdk1.8.0_60
PATH=C:\ProgramData\Oracle\Java\javapath;C:\Program Files (x86)\Intel\iCLS Client\;C:\Program Files\Intel\iCLS Client\;C:\Windows\system32;C:\Windows;C:\Windows\System32\Wbem;C:\Windows\System32\WindowsPowerShell\v1.0\;C:\Program Files (x86)\AMD\ATI.ACE\Core-Static;C:\Program Files\Intel\Intel(R) Management Engine Components\DAL;C:\Program Files (x86)\Intel\Intel(R) Management Engine Components\DAL;C:\Program Files\Intel\Intel(R) Management Engine Components\IPT;C:\Program Files (x86)\Intel\Intel(R) Management Engine Components\IPT;C:\Program Files\Java\jdk1.8.0_60\bin;C:\opencv2413\build\x86\vc12\bin;C:\Program Files (x86)\Windows Kits\8.1\Windows Performance Toolkit\;C:\Program Files\Microsoft SQL Server\110\Tools\Binn\;C:\Program Files\Git\cmd;C:\Program Files\nodejs\;F:\matlab\runtime\win64;F:\matlab\bin;F:\matlab\polyspace\bin;C:\Program Files (x86)\Skype\Phone\;C:\Users\el\AppData\Roaming\npm
USERNAME=el
OS=Windows_NT
PROCESSOR_IDENTIFIER=Intel64 Family 6 Model 61 Stepping 4, GenuineIntel



---------------  S Y S T E M  ---------------

OS: Windows 10.0 , 64 bit Build 10240 (10.0.10240.17113)

CPU:total 4 (2 cores per cpu, 2 threads per core) family 6 model 61 stepping 4, cmov, cx8, fxsr, mmx, sse, sse2, sse3, ssse3, sse4.1, sse4.2, popcnt, avx, avx2, aes, clmul, erms, 3dnowpref, lzcnt, ht, tsc, tscinvbit, bmi1, bmi2, adx

Memory: 4k page, physical 6209072k(1703304k free), swap 7473480k(5164k free)

vm_info: Java HotSpot(TM) 64-Bit Server VM (25.60-b23) for windows-amd64 JRE (1.8.0_60-b27), built on Aug  4 2015 11:06:27 by "java_re" with MS VC++ 10.0 (VS2010)

time: Mon Sep 18 10:01:30 2017
elapsed time: 4 seconds (0d 0h 0m 4s)

